[debug] [2026-01-16T19:37:14.432Z] ----------------------------------------------------------------------
[debug] [2026-01-16T19:37:14.436Z] Command:       C:\Program Files\nodejs\node.exe C:\Users\Admin\AppData\Roaming\npm\node_modules\firebase-tools\lib\bin\firebase.js init hosting
[debug] [2026-01-16T19:37:14.437Z] CLI Version:   15.3.1
[debug] [2026-01-16T19:37:14.437Z] Platform:      win32
[debug] [2026-01-16T19:37:14.438Z] Node Version:  v22.19.0
[debug] [2026-01-16T19:37:14.438Z] Time:          Sat Jan 17 2026 01:37:14 GMT+0600 (Bangladesh Standard Time)
[debug] [2026-01-16T19:37:14.438Z] ----------------------------------------------------------------------
[debug] 
[info] 
     ######## #### ########  ######## ########     ###     ######  ########
     ##        ##  ##     ## ##       ##     ##  ##   ##  ##       ##
     ######    ##  ########  ######   ########  #########  ######  ######
     ##        ##  ##    ##  ##       ##     ## ##     ##       ## ##
     ##       #### ##     ## ######## ########  ##     ##  ######  ########

You're about to initialize a Firebase project in this directory:

  C:\Users\Admin\Documents\nextjs\medicare-bd

Before we get started, keep in mind:

  * You are initializing within an existing Firebase project directory

[debug] [2026-01-16T19:37:22.473Z] ExitPromptError: User force closed the prompt with SIGINT
    at Interface.sigint (C:\Users\Admin\AppData\Roaming\npm\node_modules\firebase-tools\node_modules\@inquirer\core\dist\commonjs\lib\create-prompt.js:101:37)
    at Interface.emit (node:events:519:28)
    at [_ttyWrite] [as _ttyWrite] (node:internal/readline/interface:1132:18)
    at ReadStream.onkeypress (node:internal/readline/interface:271:20)
    at ReadStream.emit (node:events:531:35)
    at emitKeys (node:internal/readline/utils:370:14)
    at emitKeys.next (<anonymous>)
    at ReadStream.onData (node:internal/readline/emitKeypressEvents:64:36)
    at ReadStream.emit (node:events:519:28)
    at addChunk (node:internal/streams/readable:561:12)
[error] 
[error] Error: An unexpected error has occurred.
